{"/Users/ericechemane/Desktop/Personal/modular monolith express/src/modules/borrower/borrower.service.ts": {"path":"/Users/ericechemane/Desktop/Personal/modular monolith express/src/modules/borrower/borrower.service.ts","statementMap":{"0":{"start":{"line":10,"column":31},"end":{"line":10,"column":70}},"1":{"start":{"line":13,"column":4},"end":{"line":13,"column":52}},"2":{"start":{"line":17,"column":4},"end":{"line":17,"column":47}},"3":{"start":{"line":21,"column":4},"end":{"line":21,"column":51}},"4":{"start":{"line":28,"column":4},"end":{"line":28,"column":56}},"5":{"start":{"line":32,"column":4},"end":{"line":32,"column":46}},"6":{"start":{"line":38,"column":21},"end":{"line":38,"column":62}},"7":{"start":{"line":39,"column":4},"end":{"line":41,"column":5}},"8":{"start":{"line":40,"column":6},"end":{"line":40,"column":18}},"9":{"start":{"line":42,"column":34},"end":{"line":42,"column":41}},"10":{"start":{"line":43,"column":4},"end":{"line":47,"column":5}},"11":{"start":{"line":44,"column":6},"end":{"line":44,"column":62}},"12":{"start":{"line":46,"column":6},"end":{"line":46,"column":62}},"13":{"start":{"line":48,"column":4},"end":{"line":48,"column":47}},"14":{"start":{"line":9,"column":0},"end":{"line":9,"column":13}}},"fnMap":{"0":{"name":"(anonymous_0)","decl":{"start":{"line":10,"column":2},"end":{"line":10,"column":31}},"loc":{"start":{"line":10,"column":70},"end":{"line":10,"column":74}}},"1":{"name":"(anonymous_1)","decl":{"start":{"line":12,"column":2},"end":{"line":12,"column":7}},"loc":{"start":{"line":12,"column":47},"end":{"line":14,"column":3}}},"2":{"name":"(anonymous_2)","decl":{"start":{"line":16,"column":2},"end":{"line":16,"column":7}},"loc":{"start":{"line":16,"column":34},"end":{"line":18,"column":3}}},"3":{"name":"(anonymous_3)","decl":{"start":{"line":20,"column":2},"end":{"line":20,"column":7}},"loc":{"start":{"line":20,"column":49},"end":{"line":22,"column":3}}},"4":{"name":"(anonymous_4)","decl":{"start":{"line":24,"column":2},"end":{"line":24,"column":7}},"loc":{"start":{"line":26,"column":28},"end":{"line":29,"column":3}}},"5":{"name":"(anonymous_5)","decl":{"start":{"line":31,"column":2},"end":{"line":31,"column":7}},"loc":{"start":{"line":31,"column":33},"end":{"line":33,"column":3}}},"6":{"name":"(anonymous_6)","decl":{"start":{"line":35,"column":2},"end":{"line":35,"column":7}},"loc":{"start":{"line":36,"column":14},"end":{"line":49,"column":3}}}},"branchMap":{"0":{"loc":{"start":{"line":39,"column":4},"end":{"line":41,"column":5}},"type":"if","locations":[{"start":{"line":39,"column":4},"end":{"line":41,"column":5}},{"start":{},"end":{}}]},"1":{"loc":{"start":{"line":43,"column":4},"end":{"line":47,"column":5}},"type":"if","locations":[{"start":{"line":43,"column":4},"end":{"line":47,"column":5}},{"start":{"line":45,"column":11},"end":{"line":47,"column":5}}]}},"s":{"0":1,"1":1,"2":2,"3":1,"4":2,"5":1,"6":3,"7":3,"8":1,"9":2,"10":2,"11":1,"12":1,"13":2,"14":1},"f":{"0":1,"1":1,"2":2,"3":1,"4":2,"5":1,"6":3},"b":{"0":[1,2],"1":[1,1]}}
}
