TN:
SF:src/modules/borrower/borrower.service.ts
FN:10,(anonymous_0)
FN:12,(anonymous_1)
FN:16,(anonymous_2)
FN:20,(anonymous_3)
FN:24,(anonymous_4)
FN:31,(anonymous_5)
FN:35,(anonymous_6)
FNF:7
FNH:7
FNDA:1,(anonymous_0)
FNDA:1,(anonymous_1)
FNDA:2,(anonymous_2)
FNDA:1,(anonymous_3)
FNDA:2,(anonymous_4)
FNDA:1,(anonymous_5)
FNDA:3,(anonymous_6)
DA:9,1
DA:10,1
DA:13,1
DA:17,2
DA:21,1
DA:28,2
DA:32,1
DA:38,3
DA:39,3
DA:40,1
DA:42,2
DA:43,2
DA:44,1
DA:46,1
DA:48,2
LF:15
LH:15
BRDA:39,0,0,1
BRDA:39,0,1,2
BRDA:43,1,0,1
BRDA:43,1,1,1
BRF:4
BRH:4
end_of_record
